{"/home/vagrant/AirQo-frontend/website/frontend/config/utils.js": {"path":"/home/vagrant/AirQo-frontend/website/frontend/config/utils.js","statementMap":{"0":{"start":{"line":1,"column":20},"end":{"line":9,"column":1}},"1":{"start":{"line":11,"column":27},"end":{"line":11,"column":57}},"2":{"start":{"line":11,"column":36},"end":{"line":11,"column":57}},"3":{"start":{"line":13,"column":34},"end":{"line":18,"column":1}},"4":{"start":{"line":14,"column":2},"end":{"line":17,"column":14}},"5":{"start":{"line":15,"column":4},"end":{"line":15,"column":34}},"6":{"start":{"line":17,"column":4},"end":{"line":17,"column":14}}},"fnMap":{"0":{"name":"(anonymous_0)","decl":{"start":{"line":11,"column":27},"end":{"line":11,"column":28}},"loc":{"start":{"line":11,"column":36},"end":{"line":11,"column":57}},"line":11},"1":{"name":"(anonymous_1)","decl":{"start":{"line":13,"column":34},"end":{"line":13,"column":35}},"loc":{"start":{"line":13,"column":43},"end":{"line":18,"column":1}},"line":13}},"branchMap":{"0":{"loc":{"start":{"line":14,"column":2},"end":{"line":17,"column":14}},"type":"if","locations":[{"start":{"line":14,"column":2},"end":{"line":17,"column":14}},{"start":{"line":17,"column":4},"end":{"line":17,"column":14}}],"line":14}},"s":{"0":1,"1":1,"2":0,"3":1,"4":4,"5":2,"6":2},"f":{"0":0,"1":4},"b":{"0":[2,2]},"_coverageSchema":"1a1c01bbd47fc00a2c39e90264f33305004495a9","hash":"d0888f4ed7e1b60185b3cad98e02cdd4423f2a64"}
}
